<?xml version="1.0" encoding="UTF-8"?>
<testsuite xmlns:xsi="http://www.w3.org/2001/XMLSchema-instance" xsi:noNamespaceSchemaLocation="https://maven.apache.org/surefire/maven-surefire-plugin/xsd/surefire-test-report.xsd" name="ch.axonactive.demo.mapper.test.AccountHolderMapperTest" time="0.097" tests="2" errors="0" skipped="0" failures="0">
  <properties>
[...]
</properties>
  <testcase name="invokeOtherMapper_givenDTO_to_Entity" classname="ch.axonactive.demo.mapper.test.AccountHolderMapperTest" time="0.045"/>
  <testcase name="callback_givenDTO_to_Entity" classname="ch.axonactive.demo.mapper.test.AccountHolderMapperTest" time="0.004"/>
</testsuite>